<?xml version="1.0" encoding="UTF-8"?>
<coverage generated="1731908276486" clover="3.2.0">
  <project timestamp="1731908276486" name="All files">
    <metrics statements="11" coveredstatements="11" conditionals="0" coveredconditionals="0" methods="9" coveredmethods="9" elements="20" coveredelements="20" complexity="0" loc="11" ncloc="11" packages="1" files="1" classes="1"/>
    <file name="testing.js" path="C:\Users\syed_suheb\Desktop\Golden Certificate\testing-jest\testing.js">
      <metrics statements="11" coveredstatements="11" conditionals="0" coveredconditionals="0" methods="9" coveredmethods="9"/>
      <line num="3" count="2" type="stmt"/>
      <line num="8" count="1" type="stmt"/>
      <line num="13" count="2" type="stmt"/>
      <line num="18" count="2" type="stmt"/>
      <line num="23" count="2" type="stmt"/>
      <line num="28" count="2" type="stmt"/>
      <line num="33" count="2" type="stmt"/>
      <line num="38" count="2" type="stmt"/>
      <line num="43" count="2" type="stmt"/>
      <line num="44" count="2" type="stmt"/>
      <line num="48" count="1" type="stmt"/>
    </file>
  </project>
</coverage>
