{"C:\\Users\\syed_suheb\\Desktop\\Golden Certificate\\testing-jest\\testing.js": {"path":"C:\\Users\\syed_suheb\\Desktop\\Golden Certificate\\testing-jest\\testing.js","statementMap":{"0":{"start":{"line":3,"column":2},"end":{"line":3,"column":15}},"1":{"start":{"line":8,"column":2},"end":{"line":8,"column":35}},"2":{"start":{"line":13,"column":2},"end":{"line":13,"column":21}},"3":{"start":{"line":18,"column":2},"end":{"line":18,"column":20}},"4":{"start":{"line":23,"column":2},"end":{"line":23,"column":28}},"5":{"start":{"line":28,"column":2},"end":{"line":28,"column":20}},"6":{"start":{"line":33,"column":2},"end":{"line":33,"column":24}},"7":{"start":{"line":38,"column":2},"end":{"line":38,"column":19}},"8":{"start":{"line":43,"column":16},"end":{"line":43,"column":44}},"9":{"start":{"line":44,"column":2},"end":{"line":44,"column":27}},"10":{"start":{"line":48,"column":0},"end":{"line":58,"column":2}}},"fnMap":{"0":{"name":"add","decl":{"start":{"line":2,"column":9},"end":{"line":2,"column":12}},"loc":{"start":{"line":2,"column":19},"end":{"line":4,"column":1}},"line":2},"1":{"name":"getUser","decl":{"start":{"line":7,"column":9},"end":{"line":7,"column":16}},"loc":{"start":{"line":7,"column":19},"end":{"line":9,"column":1}},"line":7},"2":{"name":"isActive","decl":{"start":{"line":12,"column":9},"end":{"line":12,"column":17}},"loc":{"start":{"line":12,"column":24},"end":{"line":14,"column":1}},"line":12},"3":{"name":"isEmpty","decl":{"start":{"line":17,"column":9},"end":{"line":17,"column":16}},"loc":{"start":{"line":17,"column":22},"end":{"line":19,"column":1}},"line":17},"4":{"name":"containsItem","decl":{"start":{"line":22,"column":9},"end":{"line":22,"column":21}},"loc":{"start":{"line":22,"column":33},"end":{"line":24,"column":1}},"line":22},"5":{"name":"getLength","decl":{"start":{"line":27,"column":9},"end":{"line":27,"column":18}},"loc":{"start":{"line":27,"column":24},"end":{"line":29,"column":1}},"line":27},"6":{"name":"isNull","decl":{"start":{"line":32,"column":9},"end":{"line":32,"column":15}},"loc":{"start":{"line":32,"column":23},"end":{"line":34,"column":1}},"line":32},"7":{"name":"getName","decl":{"start":{"line":37,"column":9},"end":{"line":37,"column":16}},"loc":{"start":{"line":37,"column":23},"end":{"line":39,"column":1}},"line":37},"8":{"name":"isValidEmail","decl":{"start":{"line":42,"column":9},"end":{"line":42,"column":21}},"loc":{"start":{"line":42,"column":29},"end":{"line":45,"column":1}},"line":42}},"branchMap":{},"s":{"0":2,"1":1,"2":2,"3":2,"4":2,"5":2,"6":2,"7":2,"8":2,"9":2,"10":1},"f":{"0":2,"1":1,"2":2,"3":2,"4":2,"5":2,"6":2,"7":2,"8":2},"b":{},"_coverageSchema":"1a1c01bbd47fc00a2c39e90264f33305004495a9","hash":"8f4cbfbbf461ba338dd84ed9252ed43eab2f199e"}
}
